C:\USERS\KACZKARA\DOCUMENTS\SCHOOL\CSE\CSE 386 WORKSPACE\OPENGLCSE386\OPENGLCSE386\RELEASE\VISUALOBJECT.OBJ
C:\USERS\KACZKARA\DOCUMENTS\SCHOOL\CSE\CSE 386 WORKSPACE\OPENGLCSE386\OPENGLCSE386\RELEASE\TEXTURECOORDINATES.OBJ
C:\USERS\KACZKARA\DOCUMENTS\SCHOOL\CSE\CSE 386 WORKSPACE\OPENGLCSE386\OPENGLCSE386\RELEASE\SPHERE.OBJ
C:\USERS\KACZKARA\DOCUMENTS\SCHOOL\CSE\CSE 386 WORKSPACE\OPENGLCSE386\OPENGLCSE386\RELEASE\SHAREDPROJECTIONANDVIEWING.OBJ
C:\USERS\KACZKARA\DOCUMENTS\SCHOOL\CSE\CSE 386 WORKSPACE\OPENGLCSE386\OPENGLCSE386\RELEASE\PYRAMID.OBJ
C:\USERS\KACZKARA\DOCUMENTS\SCHOOL\CSE\CSE 386 WORKSPACE\OPENGLCSE386\OPENGLCSE386\RELEASE\OPENGLAPPLICATIONBASE.OBJ
C:\USERS\KACZKARA\DOCUMENTS\SCHOOL\CSE\CSE 386 WORKSPACE\OPENGLCSE386\OPENGLCSE386\RELEASE\MATERIAL.OBJ
C:\USERS\KACZKARA\DOCUMENTS\SCHOOL\CSE\CSE 386 WORKSPACE\OPENGLCSE386\OPENGLCSE386\RELEASE\GLUTBASE.OBJ
C:\USERS\KACZKARA\DOCUMENTS\SCHOOL\CSE\CSE 386 WORKSPACE\OPENGLCSE386\OPENGLCSE386\RELEASE\FLOOR2.OBJ
C:\USERS\KACZKARA\DOCUMENTS\SCHOOL\CSE\CSE 386 WORKSPACE\OPENGLCSE386\OPENGLCSE386\RELEASE\FLOOR.OBJ
C:\USERS\KACZKARA\DOCUMENTS\SCHOOL\CSE\CSE 386 WORKSPACE\OPENGLCSE386\OPENGLCSE386\RELEASE\CYLINDER.OBJ
C:\USERS\KACZKARA\DOCUMENTS\SCHOOL\CSE\CSE 386 WORKSPACE\OPENGLCSE386\OPENGLCSE386\RELEASE\CUBE.OBJ
C:\USERS\KACZKARA\DOCUMENTS\SCHOOL\CSE\CSE 386 WORKSPACE\OPENGLCSE386\OPENGLCSE386\RELEASE\CONTROLLER.OBJ
C:\USERS\KACZKARA\DOCUMENTS\SCHOOL\CSE\CSE 386 WORKSPACE\OPENGLCSE386\OPENGLCSE386\RELEASE\CONE.OBJ
C:\USERS\KACZKARA\DOCUMENTS\SCHOOL\CSE\CSE 386 WORKSPACE\OPENGLCSE386\OPENGLCSE386\RELEASE\BUILDSHADERPROGRAM.OBJ
C:\USERS\KACZKARA\DOCUMENTS\SCHOOL\CSE\CSE 386 WORKSPACE\OPENGLCSE386\OPENGLCSE386\RELEASE\VC110.PDB
C:\USERS\KACZKARA\DOCUMENTS\SCHOOL\CSE\CSE 386 WORKSPACE\OPENGLCSE386\RELEASE\OPENGLCSE386.LIB
C:\Users\Kaczkara\Documents\School\CSE\CSE 386 workspace\OpenGlCse386\OpenGlCse386\Release\BuildShaderProgram.obj
C:\Users\Kaczkara\Documents\School\CSE\CSE 386 workspace\OpenGlCse386\OpenGlCse386\Release\Cone.obj
C:\Users\Kaczkara\Documents\School\CSE\CSE 386 workspace\OpenGlCse386\OpenGlCse386\Release\Controller.obj
C:\Users\Kaczkara\Documents\School\CSE\CSE 386 workspace\OpenGlCse386\OpenGlCse386\Release\Cube.obj
C:\Users\Kaczkara\Documents\School\CSE\CSE 386 workspace\OpenGlCse386\OpenGlCse386\Release\Cylinder.obj
C:\Users\Kaczkara\Documents\School\CSE\CSE 386 workspace\OpenGlCse386\OpenGlCse386\Release\Floor.obj
C:\Users\Kaczkara\Documents\School\CSE\CSE 386 workspace\OpenGlCse386\OpenGlCse386\Release\Floor2.obj
C:\Users\Kaczkara\Documents\School\CSE\CSE 386 workspace\OpenGlCse386\OpenGlCse386\Release\glutBase.obj
C:\Users\Kaczkara\Documents\School\CSE\CSE 386 workspace\OpenGlCse386\OpenGlCse386\Release\Material.obj
C:\Users\Kaczkara\Documents\School\CSE\CSE 386 workspace\OpenGlCse386\OpenGlCse386\Release\OpenGLApplicationBase.obj
C:\Users\Kaczkara\Documents\School\CSE\CSE 386 workspace\OpenGlCse386\OpenGlCse386\Release\Pyramid.obj
C:\Users\Kaczkara\Documents\School\CSE\CSE 386 workspace\OpenGlCse386\OpenGlCse386\Release\SharedProjectionAndViewing.obj
C:\Users\Kaczkara\Documents\School\CSE\CSE 386 workspace\OpenGlCse386\OpenGlCse386\Release\Sphere.obj
C:\Users\Kaczkara\Documents\School\CSE\CSE 386 workspace\OpenGlCse386\OpenGlCse386\Release\textureCoordinates.obj
C:\Users\Kaczkara\Documents\School\CSE\CSE 386 workspace\OpenGlCse386\OpenGlCse386\Release\VisualObject.obj
C:\Users\Kaczkara\Documents\School\CSE\CSE 386 workspace\OpenGlCse386\OpenGlCse386\Release\cl.command.1.tlog
C:\Users\Kaczkara\Documents\School\CSE\CSE 386 workspace\OpenGlCse386\OpenGlCse386\Release\CL.read.1.tlog
C:\Users\Kaczkara\Documents\School\CSE\CSE 386 workspace\OpenGlCse386\OpenGlCse386\Release\CL.write.1.tlog
C:\Users\Kaczkara\Documents\School\CSE\CSE 386 workspace\OpenGlCse386\OpenGlCse386\Release\Lib-link.read.1.tlog
C:\Users\Kaczkara\Documents\School\CSE\CSE 386 workspace\OpenGlCse386\OpenGlCse386\Release\Lib-link.write.1.tlog
C:\Users\Kaczkara\Documents\School\CSE\CSE 386 workspace\OpenGlCse386\OpenGlCse386\Release\lib.command.1.tlog
C:\Users\Kaczkara\Documents\School\CSE\CSE 386 workspace\OpenGlCse386\OpenGlCse386\Release\vc110.pdb
C:\Users\Kaczkara\Documents\School\CSE\CSE 386 workspace\OpenGlCse386\Release\OpenGlCse386.lib
