Build started 11/29/2014 4:30:57 PM.
     1>Project "C:\Users\Kaczkara\Desktop\CSEProjectTwo\OpenGlCse386\OpenGlCse386\OpenGlCse386.vcxproj" on node 2 (Build target(s)).
     1>InitializeBuildStatus:
         Creating "Debug\OpenGlCse386.unsuccessfulbuild" because "AlwaysCreate" was specified.
       ClCompile:
         All outputs are up-to-date.
       Lib:
         All outputs are up-to-date.
         OpenGlCse386.vcxproj -> C:\Users\Kaczkara\Desktop\CSEProjectTwo\OpenGlCse386\Debug\OpenGlCse386.lib
       PostBuildEvent:
         copy "*.h" "C:\Users\Kaczkara\Desktop\CSEProjectTwo\OpenGlCse386\"\Include\
         copy "C:\Users\Kaczkara\Desktop\CSEProjectTwo\OpenGlCse386\Debug\OpenGlCse386.lib" "C:\Users\Kaczkara\Desktop\CSEProjectTwo\OpenGlCse386\"\"Lib\OpenGlCse386.lib"
         :VCEnd
         BuildShaderProgram.h
         Cone.h
         Controller.h
         Cube.h
         Cylinder.h
         Floor.h
         Floor2.h
         glutBase.h
         Material.h
         OpenGLApplicationBase.h
         Pyramid.h
         SharedProjectionAndViewing.Conflict.h
         SharedProjectionAndViewing.h
         Sphere.h
         textureCoordinates.h
         vertexStructs.h
         VisualObject.h
                17 file(s) copied.
                 1 file(s) copied.
       FinalizeBuildStatus:
         Deleting file "Debug\OpenGlCse386.unsuccessfulbuild".
         Touching "Debug\OpenGlCse386.lastbuildstate".
     1>Done Building Project "C:\Users\Kaczkara\Desktop\CSEProjectTwo\OpenGlCse386\OpenGlCse386\OpenGlCse386.vcxproj" (Build target(s)).

Build succeeded.

Time Elapsed 00:00:03.75
