Build started 12/6/2014 2:03:00 PM.
     1>Project "C:\Users\Stevie Yakkel\Documents\GitHub\CSEProjectTwo\OpenGlCse386\Project2\Project2.vcxproj" on node 2 (Build target(s)).
     1>ClCompile:
         C:\Program Files (x86)\Microsoft Visual Studio 11.0\VC\bin\CL.exe /c /I..\Include /ZI /nologo /W3 /WX- /sdl /Od /Oy- /D WIN32 /D _DEBUG /D _CONSOLE /D _UNICODE /D UNICODE /Gm /EHsc /RTC1 /MDd /GS /fp:precise /Zc:wchar_t /Zc:forScope /Fo"Debug\\" /Fd"Debug\vc110.pdb" /Gd /TP /analyze- /errorReport:prompt SnowFall.cpp
         SnowFall.cpp
       Link:
         C:\Program Files (x86)\Microsoft Visual Studio 11.0\VC\bin\link.exe /ERRORREPORT:PROMPT /OUT:"C:\Users\Stevie Yakkel\Documents\GitHub\CSEProjectTwo\OpenGlCse386\Debug\Project2.exe" /INCREMENTAL /NOLOGO /LIBPATH:..\Lib glew32.lib freeglut.lib OpenGlCse386.lib kernel32.lib user32.lib gdi32.lib winspool.lib comdlg32.lib advapi32.lib shell32.lib ole32.lib oleaut32.lib uuid.lib odbc32.lib odbccp32.lib /MANIFEST /MANIFESTUAC:"level='asInvoker' uiAccess='false'" /manifest:embed /DEBUG /PDB:"C:\Users\Stevie Yakkel\Documents\GitHub\CSEProjectTwo\OpenGlCse386\Debug\Project2.pdb" /SUBSYSTEM:CONSOLE /TLBID:1 /DYNAMICBASE /NXCOMPAT /IMPLIB:"C:\Users\Stevie Yakkel\Documents\GitHub\CSEProjectTwo\OpenGlCse386\Debug\Project2.lib" /MACHINE:X86 Debug\Project2.res
         Debug\ChristmasTree.obj
         Debug\House.obj
         Debug\Light.obj
         Debug\LightPole.obj
         Debug\Ornament.obj
         Debug\ProjectTwo.obj
         Debug\OrbitController.obj
         Debug\SharedGeneralLighting.obj
         Debug\SnowFall.obj
         Debug\SnowMan.obj
         Debug\SpaceShip.obj
         Debug\SpinnerController.obj
         Debug\WaypointController.obj
         Project2.vcxproj -> C:\Users\Stevie Yakkel\Documents\GitHub\CSEProjectTwo\OpenGlCse386\Debug\Project2.exe
     1>Done Building Project "C:\Users\Stevie Yakkel\Documents\GitHub\CSEProjectTwo\OpenGlCse386\Project2\Project2.vcxproj" (Build target(s)).

Build succeeded.

Time Elapsed 00:00:04.89
